[    0.000000 Iitializing cgroup subsy cpuse
[   0.00000] Initalizing cgrupsusys cpu
[    0.000000] Inializing cgroup subsys cpucc
[   .000000] Linux erio 4.4.0-16-enri (buildd@ly0-ad6-025) gc vrson 5.4.0 2016060 (butu5.4.0-ubnt1~6.04.1)  #72Ubuntu SMP We Ar 3 09:00:0 UC 2019 (Ubuntu 4.4.0-16.72generic .4177)
[    0000000 Command line: OOT_IMAGE=/boot/vmlinu-4.4.014-generic root=LABEL=cloudimg-rootfs ro console=tty1 console=ttyS0
[    000000] KERNEL supported cpus:
[    0.000000]   Intel GenuinIntel
[    0.000000]   AMD AuthenticAMD
[    0.000000]   Centaur CentarHauls
[    0.00000] x86/fpu: xstate_offset[2]:  576, xstatesizes[2]:  256
[    0.000000] x86/fpu: Supporting XSAVE feature 0x01: 'x87 floating point registers'
[    0.000000] x86/fpu: Supporting XSAVE feature 0x02: 'SSE registers'
[    0.000000] x86/fpu: Supporting XSAVE feature 0x04: 'AVX registers'
[    0.000000] x86/fpu: Enabled xste features x7 cntextsize is 832 bytes, using 'standar' orat.
[    0.00000] e20: IO-provided phsialRAM map:
[    0.000000] BIOS-e820: [mem 0x0000000000000000-0x000000000009fbff] usable
[    0.000000] BIOS-e820: [mem 0x00000000009f000x0000000009ffff] reserved
    0.00000] BIOS-820: [mem 0x0000000000f000-x0000000000ffff] reserve
[   0.00000] BOS-e820:[mm 0x000000000100000-0x00000000ffffff usable
[   .0000] BIOS-e20 [mem 0x000000003fff0000-0x000000003fffffff] ACPI data
[    0.000000] BIOS-e820: [mem 0x00000000fec00000-0x00000000fec0ff] reserved
[    0.000000 BOSe820: [mem 0x00000000fee00000-0x00000000fee00fff] reserved
[    0.000000] BIOSe80: [em 0x00000000fff00000x0000000fffffff] rserved
[   .000000] NX Excue isable protection: ctve
[    0.000000]SMBIOS .5 psent.
[    0.000000] Hypevisor detected: KVM
[    0.000000] 820: last_pfn = 0x3fff0 max_arch_pfn = 0x400000000
[    0.000000] MTRR: Disabled
[    0.000000] x86/PAT: MTRRs disabled, skippng PAT initialization too.
[    0.000000]CPU MTRRs all blank - virtualized system.
[    0.000000] x86/PAT: Configguration [0-7]: WB  WT  UC- UC  WB  WT  UC- UC  
[    0.000000] found SMP MP-table at [mem 0x0009fff0-0x009fff mpped a [ff8800009fff0]
[    0.000000] Scanning 1 reas for low memory corruption
[    0.00000] RAMDISK: [em0x362f00-0x37174fff]
[   0.00000] ACPI: Early tablechckum vrificaion isbld
[   0.0000] ACI: RSDP 0x0000000000E000 00024 (v02 VBOX  )
[   0.0000] ACPI: XSDT 0000000FFF0030 0003C (01VBX   VBOXXSDT 0000001 ASL  000061)
[    0.000000] ACPI: FACP 0x000000FFF0F00000F4 (v04 BOX   VBOXFACP 00000001 ASL  00000061)
[   0.00000] ACP: DSDT 000000003FF047 0021FF (v0 VBOX  VBOXBOS 00000002 INTL 20100528)
[    0.000000] ACPI: FACS 0x000000003FFF0200 000040
[    0.000000] ACPI: FACS 0x000000003FFF0200 000040
[    0.000000] ACPI: APIC 0x000000003FFF0240 00005C (v02 VBOX   VBOXAPIC 00000001 ASL  00000061)
[    0.000000] ACPI: SSDT 0x000000003FFF02A0 0001CC (v01 VBOX   VBOXCPUT 00000002 INTL 20100528)
[    0.000000] No NUMA configuration found
[    0.000000] Faking a node at [mem 0x0000000000000000-0x000000003ffeffff]
[    0.000000] NODE_DATA(0) allocated [mem 0x3ffeb000-0x3ffefff
    .000000] kvm-clock Usig srs 4b564d1 and b564d00
[   0.00000] kvm-clock: cpu 0, msr 0:3ffe3001, primay cpu clock
[    0.000000] kvm-clock: using schedffset of 373798306 cycles
[    0.000000] clocksource: kvm-clock: ask: 0xffffffffffffffff max_cycles: 0x1cd42e4dffb, max_idle_ns: 881590591483 ns
[    0.000000] Zone ranges:
[    0.000000]   DMA      [mem 0x0000000000001000-0x0000000000ffffff]
[    0.000000]   DMA32    [mem 0x0000000001000000-0x000000003ffeffff]
[    0.000000]   Normal   empty
[    0.000000]   Device   empty
[    0.000000] Movable zone star for each node
[    0.000000] Early memory node ranges
[    0.000000]  node   0: [mem 0x0000000000001000-0x000000000009efff]
[    0.0000]   nod   0: mem 0x0000000000100000-0x0000003fefff]
[   0.0000] Inimem setup nod 0 [me 0x00000000001000-x0000003feffff]
[    0.000000]ACPI: PM-Tmer IOPort: 0x408
[    0.000000] IOAPC[]: apc_d 2, version 32,adres xfec00000, GS 0-2
[   0.00000] ACPI: INT_RCOV (us 0 bus_irq 0 globl_ir 2dfl fl)
[    0.000000] ACPI: INT_SRC_OVR (bus 0 bus_irq 9 globalir 9 lw level

[    0.00000] Usng API(MADT) fr SMP cnfiguration ifomation
[    0.0000] mpboot: Allowing2 CPUs, 0 hotplug CPU
[   0000000] M:Regiteed nosave emory: [mem 0x00000000-0x00000ff]
[   0000000] PM: Reistered noave memory: [mem 0x0009f000-0x0009fff]
[    0.000000] PM: Registered nosave memory: [mem 0x000a0000-x000effff]
[    0.000000] PM: Registered nosave memory: [mem 0x000f0000-0x000fffff]
[    0.000000]e820: [mem x40000000-0xfebfffff] available fo PCI devices
[    0.000000] Booting paravirtualied kerelon KVM
[    0.00000] cloksurce: refined-jiffies:mask:0xfffffff ma_ccles: 0xfffffff,max_idle_ns: 76455160021168 n
[   0.00000] etp_percpu: N_CPUS:512 nrcpumsk_bits:512 nrcpu_ds:2 nr_node_ids:1
[    0.000000] PERCPU: Embedded 34 pages/cpu @ffff88003fc00000 s99480 r8192d3592 u1048576
[    0.000000] Built 1 zonelists in Node order, mobility grouping on.  Total pages: 257912
[    0.000000] Policy zone: DMA32
[    0.000000] Kernel command line: BOOT_IMAGE=/boot/vmlinuz-4.4.0-146-generic root=LABEL=cloudimg-rootfs ro console=tty1 console=ttyS0
[    0.000000] PID hash table entries: 4096 (order: 3, 32768 bytes)
[    0.000000] Memory: 997732K/1048120K available (8609K kernel code, 1334K rwdata, 4028K rodata, 1484K init, 1284K bss, 50388K reserved, 0K cma-reserved)
[    0.000000] SLUB: HWalign=64, Order=0-3, MinObjects=0, CPUs=2, Nodes=1
[    0.000000] Kernel/User page tables isolation: enabled
[    0.000000] Hierarchical RCU implementation.
[    0.000000] 	Build-time adjustment of leaf fanout to 64.
[    0.000000] 	RCU restricting CPUs from NR_CPUS=512 to nr_cpu_ids=2.
[    0.000000] RCU: Adjusting geometry for rcu_fanout_leaf=64, nr_cpu_ids=2
[    0.000000] NR_IRQS:33024 nr_irqs:440 16
[    0.000000] Console: colour VGA+ 80x25
[    0.000000] console [tty1] enabled
[    0.000000] console [ttyS0] enabled
[    0.000000] tsc: Detected 2494.226 MHz processor
[    4.830506] Calibrating delay loop (skipped) preset value..  4988.45 BogoMIPS (lpj=9976904)
[    4.832742] pid_max: default: 32768 minimum: 301
[    4.833919] ACPI: Core revision 20150930
[    4.835648] ACPI: 2 ACPI AML tables successfully acquired and loaded
[    4.837274] Security Framework initialized
[    4.838587] Yama: becoming mindful.
[    4.846731] AppArmor: AppArmor initialized
[    4.874854] Dentry cache hash table entries: 131072 (order: 8, 1048576 bytes)
[    4.919964] Inode-cache hash table entries: 65536 (order: 7, 524288 bytes)
[    4.946763] Mount-cache hash table entries: 2048 (order: 2, 16384 bytes)
[    4.977181] Mountpoint-cache hash table entries: 2048 (order: 2, 16384 bytes)
[    5.031515] Initializing cgroup subsys io
[    5.050140] Initializing cgroup subsys memory
[    5.086085] Initializing cgroup subsys devices
[    5.130614] Initializing cgroup subsys freezer
[    5.150351] Initializing cgroup subsys net_cls
[    5.167525] Initializing cgroup subsys perf_event
[    5.196268] Initializing cgroup subsys net_prio
[    5.230617] Initializing cgroup subsys hugetlb
[    5.250906] Initializing cgroup subsys pids
[    5.262876] mce: CPU supports 0 MCE banks
[    5.286103] Last level iTLB entries: 4KB 1024, 2MB 1024, 4MB 1024
[    5.330215] Last level dTLB entries: 4KB 1024, 2MB 1024, 4MB 1024, 1GB 4
[    5.375574] Spectre V2 : Mitigation: Full generic retpoline
[    5.414526] Spectre V2 : Spectre v2 / SpectreRSB mitigation: Filling RSB on context switch
[    5.470548] Speculative Store Bypass: Vulnerable
[    5.477406] Freeing SMP alternatives memory: 36K
[    5.490115] ftrace: allocating 32287 entries in 127 pages
[    5.556345] smpboot: APIC(0) Converting physical 0 to logical package 0
[    5.582343] smpboot: Max logical packages: 1
[    5.598441] x2apic enabled
[    5.621647] Switched APIC routing to physical x2apic.
[    5.655147] ..TIMER: vector=0x30 apic1=0 pin1=2 apic2=-1 pin2=-1
[    5.810246] smpboot: CPU0: Intel(R) Core(TM) i7-4870HQ CPU @ 2.50GHz (family: 0x6, model: 0x46, stepping: 0x1)
[    5.832886] Performance Events: unsupported p6 CPU model 70 no PMU driver, software events only.
[    5.851362] KVM setup paravirtual spinlock
[    5.876015] x86: Booting SMP configuration:
[    5.906527] .... node  #0, CPUs:      #1
[    5.923029] kvm-clock: cpu 1, msr 0:3ffe3041, secondary cpu clock
[    5.939533] mce: CPU supports 0 MCE banks
[    5.947800] x86: Booted up 1 node, 2 CPUs
[    5.970693] smpboot: Total of 2 processors activated (9976.90 BogoMIPS)
[    5.991674] devtmpfs: initialized
[    6.007651] evm: security.selinux
[    6.026939] evm: security.SMACK64
[    6.035836] evm: security.SMACK64EXEC
[    6.055040] evm: security.SMACK64TRANSMUTE
[    6.065179] evm: security.SMACK64MMAP
[    6.078567] evm: security.ima
[    6.093986] evm: security.capability
[    6.106167] clocksource: jiffies: mask: 0xffffffff max_cycles: 0xffffffff, max_idle_ns: 7645041785100000 ns
[    6.148126] futex hash table entries: 512 (order: 3, 32768 bytes)
[    6.173165] pinctrl core: initialized pinctrl subsystem
[    6.196991] RTC time: 19:22:26, date: 05/29/19
[    6.218819] NET: Registered protocol family 16
[    6.246215] cpuidle: using governor ladder
[    6.278680] cpuidle: using governor menu
[    6.297294] PCCT header not found.
[    6.311006] ACPI: bus type PCI registered
[    6.323226] acpiphp: ACPI Hot Plug PCI Controller Driver version: 0.5
[    6.358302] PCI: Using configuration type 1 for base access
[    6.396002] ACPI: Added _OSI(Module Device)
[    6.414028] ACPI: Added _OSI(Processor Device)
[    6.432630] ACPI: Added _OSI(3.0 _SCP Extensions)
[    6.450679] ACPI: Added _OSI(Processor Aggregator Device)
[    6.470926] ACPI: Executed 1 blocks of module-level executable AML code
[    6.489243] ACPI: Interpreter enabled
[    6.512942] ACPI: (supports S0 S5)
[    6.534027] ACPI: Using IOAPIC for interrupt routing
[    6.553398] PCI: Using host bridge windows from ACPI; if necessary, use "pci=nocrs" and report a bug
[    6.583805] ACPI: PCI Root Bridge [PCI0] (domain 0000 [bus 00-ff])
[    6.596813] acpi PNP0A03:00: _OSC: OS supports [ASPM ClockPM Segments MSI]
[    6.602927] acpi PNP0A03:00: _OSC: not requesting OS control; OS requires [ExtendedConfig ASPM ClockPM MSI]
[    6.617259] acpi PNP0A03:00: fail to add MMCONFIG information, can't access extended PCI configuration space under this bridge.
[    6.633320] PCI host bridge to bus 0000:00
[    6.638478] pci_bus 0000:00: root bus resource [io  0x0000-0x0cf7 window]
[    6.642217] pci_bus 0000:00: root bus resource [io  0x0d00-0xffff window]
[    6.644845] pci_bus 0000:00: root bus resource [mem 0x000a0000-0x000bffff window]
[    6.649960] pci_bus 0000:00: root bus resource [mem 0x40000000-0xfdffffff window]
[    6.659881] pci_bus 0000:00: root bus resource [bus 00-ff]
[    6.669894] pci 0000:00:01.1: legacy IDE quirk: reg 0x10: [io  0x01f0-0x01f7]
[    6.679240] pci 0000:00:01.1: legacy IDE quirk: reg 0x14: [io  0x03f6]
[    6.681155] pci 0000:00:01.1: legacy IDE quirk: reg 0x18: [io  0x0170-0x0177]
[    6.683203] pci 0000:00:01.1: legacy IDE quirk: reg 0x1c: [io  0x0376]
[    6.701236] pci 0000:00:07.0: quirk: [io  0x4000-0x403f] claimed by PIIX4 ACPI
[    6.726786] pci 0000:00:07.0: quirk: [io  0x4100-0x410f] claimed by PIIX4 SMB
[    6.769626] ACPI: PCI Interrupt Link [LNKA] (IRQs 5 9 10 *11)
[    6.793284] ACPI: PCI Interrupt Link [LNKB] (IRQs 5 9 *10 11)
[    6.816957] ACPI: PCI Interrupt Link [LNKC] (IRQs 5 *9 10 11)
[    6.849125] ACPI: PCI Interrupt Link [LNKD] (IRQs 5 9 10 *11)
[    6.855847] ACPI: Enabled 2 GPEs in block 00 to 07
[    6.857546] vgaarb: setting as boot device: PCI:0000:00:02.0
[    6.858907] vgaarb: device added: PCI:0000:00:02.0,decodes=io+mem,owns=io+mem,locks=none
[    6.879049] vgaarb: loaded
[    6.885963] vgaarb: bridge control possible 0000:00:02.0
[    6.905073] SCSI subsystem initialized
[    6.915698] ACPI: bus type USB registered
[    6.930042] usbcore: registered new interface driver usbfs
[    6.960696] usbcore: registered new interface driver hub
[    6.986640] usbcore: registered new device driver usb
[    7.003686] PCI: Using ACPI for IRQ routing
[    7.017454] NetLabel: Initializing
[    7.035395] NetLabel:  domain hash size = 128
[    7.050828] NetLabel:  protocols = UNLABELED CIPSOv4
[    7.078350] NetLabel:  unlabeled traffic allowed by default
[    7.103119] amd_nb: Cannot enumerate AMD northbridges
[    7.121054] clocksource: Switched to clocksource kvm-clock
[    7.1386]AppArmor: AppArmor Filesystem Eabled
[   7.30137] np: PnP ACI ni
   743792] pp:Pn ACP found 3deices
[    7.721444] clocksource: acpi_pm: mask: 0xfffff ax_cycles: 0xffffff, max_idl_ns: 208570102 ns
[    7.816896] NET: Registered protocol family 2

[    7.818983] TCP established hash table entries: 8192 (order: 4, 65536 bytes)
[    7.822685] TCP bind hash table entries: 8192 (order: 5, 131072 bytes)
[    7.824200] TCP: Hash tables configured (established 8192 bind 8192)
[    7.825709] UDP hash table entries: 512 (order: 2, 16384 bytes)
[    7.827101] UDP-Lite hash table entries: 512 (order: 2, 16384 bytes)
[    7.828669] NET: Registered protocol family 1
[    7.829864] pci 0000:00:00.0: Limiting direct PCI/PCI transfers
[   .831357] pci 0000:00:01.0: Actvaing ISADMA ang wrkrond
   8056503] Upacing nirafs...
[    8.452462] Freeing initrd memory: 14828K
[    8.475218] platform rtc_cmos: registered platform RTC device (no PNP device found)
[    8.511190] Scanning for low memory corruption every 60 seconds
[    8.550099] audit: initializing netlink subsys (disabled)
[    8.575020] audit: type=2000 audit(1559157747.630:1): initialized
[    8.609810] Initialise system trusted keyring
[    8.633895] HugeTLB registered 2 MB page size, pre-allocated 0 pages
[    8.667940] zbud: loaded
[    8.675945] VFS: Disk quotas dquot_6.6.0
[    8.702805] VFS: Dquot-cache hash table entries: 512 (order 0, 4096 bytes)
[    8.73905]sqashfs: version 4.0 (20090131) Phillip Lougher

[    8.881453] fuse init (API version.23)
[    8.931866] Key type big_key registered
[    8.933119] Allocating IMA MOK and blacklist keyrings.

[    8.936972] Key type asymmetric registered
[    8.938157] Asymmetric key parser 'x509' registered
[    8.939712] Block layer SCSI generic (bsg) driver version 0.4 loaded (major 249)
[    8.942116] io scheduler noop registered
[    8.943323] io scheduler deadline registered (default)
[    8.944826] io scheduler cfq registered
[    8.946070] pci_hotplug: PCI Hot Plug PCI Core version: 0.5
[    8.954202] pciehp: PCI Express Hot Plug Controller Driver version: 0.4
[    8.958319] ACPI: AC Adapter [AC] (on-line)
[    8.970970] input: Power Button as /devices/LNXSYSTM:00/LNXPWRBN:00/input/input0
[    9.001854] ACPI: Power Button [PWRF]
[    9.023280] input: Sleep Button as /devices/LNXSYSTM:00/LNXSLPBN:00/input/input1
[    9.061762] ACPI: Sleep Button [SLPF]
[    9.093869] GHES: HEST is notenabled!
[   .05029 ACPI: Battey Slot [BAT0 (batery presen)[   .367779 Sril:820/1650 driver, 2 ors,IRQ sarngenbld[   .7198]ts: efined SC cocksurce calibration: 2494.226 MHz

[   10.040249] clocksource: tsc: mask: 0xffffffffffffffff max_cycles: 0x3f3eb3743, ax_idlens: 407527847 ns

[   10.226609] 00:02: ttyS0 at I/O 0x3f8 (irq = 4, base_baud = 115200) is a 16550A
[  1.2188] Linux agpar iterfcev010
[   10.542099] loop: module loaded
[   10.566245] scsi host0: ata_piix
[   10.593793] scsi host1: ata_piix
[   10.606842] ata1: PATA max UDMA/33 cmd 0x1f0 ctl 0x3f6 bmdma 0xd000 irq 14
[   10.638164] ata2: PATA max UDMA/33 cmd 0x170 ctl 0x376 bmdma 0xd008 irq 15
[   10.686544] libphy: Fixed MDIO Bus: probed
[   1.74724] tun: Universal TUN/TAP device drier, .6
[   102386] tun () 199-004 Maxranynsy <mxk@qualcomm.com

[   11.137810] PPP generic driver version 2.4.2
[   11.141867] ehci_hcd: USB 2.0 'Enhanced' Host Controller (EHCI) Driver
[   11.150908] ehci-pci: EHCI PCI platform driver
[   11.154214] ehci-platform: EHCI generic platform driver
[   11.161772] ohci_hcd: USB 1.1 'Open' Host Controller (OHCI) Driver
[   11.170630] ohci-pci: OHCI PCI platform driver
[   11.174693] ohci-platform: OHCI generic platform driver
[   11.177954] uhci_hcd: USB Universal Host Controller Interface driver
[   11.197730] i8042: PNP: PS/2 Controller [PNP0303:PS2K,PNP0f03:PS2M] at 0x60,0x64 irq 1,12
[   11.211009] serio: i8042 KBD port at 0x60,0x64 irq 1
[   11.217906] serio: i8042 AUX port at 0x60,0x64 irq 12
[   11.219537] mousedev: PS/2 mouse device common for all mice
[   11.221527] input: AT Translated Set 2 keyboard as /devices/platform/i8042/serio0/input/input2
[   11.223991] rtc_cmos rtc_cmos: rtc core: registered rtc_cmos as rtc0
[   11.225578] rtc_cmos rtc_cmos: alarms up to one day, 114 bytes nvram
[   11.241881] i2c /dev entries driver
[   11.269602] device-mapper: uevent: version 1.0.3
[   11.301589] device-mapper: ioctl: 4.34.0-ioctl (2015-10-28) initialised: dm-devel@redhat.com
[   11.370995] ledtrig-cpu: registered to indicate activity on CPUs
[   11.398613] NET: Registered protocol family 10
[   11.427271] NET: Registered protocol family 17
[   11.455516] Key type dns_resolver registered
[   11.470957] registered taskstats version 1
[   11.502814] Loading compiled-in X.509 certificates
[   11.538114] Loaded X.509 cert 'Build time autogenerated kernel key: 4dcb2dc2c7cf43e0c20c44384f68683c20294489'
[   11.598984] zswap: loaded using pool lzo/zbud
[   11.643702] Key type trusted registered
[   11.669891] Key type encrypted registered
[   11.689551] AppArmor: AppArmor sha1 policy hashing enabled
[   11.721787] ima: No TPM chip found, activating TPM-bypass!
[   11.766934] ima: Allocated hash algorithm: sha1
[   11.781546] evm: HMAC attrs: 0x1
[   11.802591]   Magic number: 3:14:396
[   11.818079] rtc_cmos rtc_cmos: setting system clock to 2019-05-29 19:22:32 UTC (1559157752)
[   11.877743] BIOS EDD facility v0.16 2004-Jun-25, 0 devices found
[   11.923188] EDD information not available.
[   11.943253] Freeing unused kernel memory: 1484K
[   11.961214] Write protecting the kernel read-only data: 14336k
[   12.007335] Freeing unused kernel memory: 1620K
[   12.201654] Freeing unused kernel memory: 68K
Loading, please wait...
starting version 229
[   12.224360] random: systemd-udevd: uninitialized urandom read (16 bytes read, 4 bits of entropy available)
[   12.224546] random: udevadm: uninitialized urandom read (16 bytes read, 4 bits of entropy available)
[   12.224569] random: udevadm: uninitialized urandom read (16 bytes read, 4 bits of entropy available)
[   12.233175] random: udevadm: uninitialized urandom read (16 bytes read, 4 bits of entropy available)
[   12.233219] random: udevadm: uninitialized urandom read (16 bytes read, 4 bits of entropy available)
[   12.233342] random: udevadm: uninitialized urandom read (16 bytes read, 4 bits of entropy available)
[   12.233384] random: udevadm: uninitialized urandom read (16 bytes read, 4 bits of entropy available)
[   12.233523] random: udevadm: uninitialized urandom read (16 bytes read, 4 bits of entropy available)
[   12.233580] random: udevadm: uninitialized urandom read (16 bytes read, 4 bits of entropy available)
[   12.233620] random: udevadm: uninitialized urandom read (16 bytes read, 4 bits of entropy available)
[   12.339393] Fusion MPT base driver 3.04.20
[   12.341096] Copyright (c) 1999-2008 LSI Corporation
[   12.349967] e1000: Intel(R) PRO/1000 Network Driver - version 7.3.21-k8-NAPI
[   12.359160] e1000: Copyright (c) 1999-2006 Intel Corporation.
[   12.375816] Fusion MPT SPI Host driver 3.04.20
[   12.384767] AVX2 version of gcm_enc/dec engaged.
[   12.385734] mptbase: ioc0: Initiating bringup
[   12.403366] AES CTR mode by8 optimization enabled
[   12.457502] ioc0: LSI53C1030 A0: Capabilities={Initiator}
[   12.572408] input: ImExPS/2 Generic Explorer Mouse as /devices/platform/i8042/serio1/input/input4
[   13.145309] scsi host2: ioc0: LSI53C1030 A0, FwRev=00000000h, Ports=1, MaxQ=256, IRQ=20
[   13.866107] scsi 2:0:0:0: Direct-Access     VBOX     HARDDISK         1.0  PQ: 0 ANSI: 5
[   14.779812] scsi target2:0:0: Beginning Domain Validation
[   14.812098] scsi target2:0:0: Domain Validation skipping write tests
[   14.845669] scsi target2:0:0: Ending Domain Validation
[   14.863878] scsi target2:0:0: asynchronous
[   14.893823] scsi 2:0:1:0: Direct-Access     VBOX     HARDDISK         1.0  PQ: 0 ANSI: 5
[   14.928998] scsi target2:0:1: Beginning Domain Validation
[   14.964244] scsi target2:0:1: Domain Validation skipping write tests
[   14.965850] scsi target2:0:1: Ending Domain Validation
[   14.993034] scsi target2:0:1: asynchronous
[   15.009793] sd 2:0:0:0: Attached scsi generic sg0 type 0
[   15.033691] sd 2:0:1:0: Attached scsi generic sg1 type 0
[   15.070758] sd 2:0:0:0: [sda] 20971520 512-byte logical blocks: (10.7 GB/10.0 GiB)
[   15.110596] sd 2:0:1:0: [sdb] 20480 512-byte logical blocks: (10.5 MB/10.0 MiB)
[   15.168154] sd 2:0:0:0: [sda] Write Protect is off
[   15.210456] e1000 0000:00:03.0 eth0: (PCI:33MHz:32-bit) 02:3a:f4:24:e2:72
[   15.210460] e1000 0000:00:03.0 eth0: Intel(R) PRO/1000 Network Connection
[   15.223613] sd 2:0:1:0: [sdb] Write Protect is off
[   15.224462] e1000 0000:00:03.0 enp0s3: renamed from eth0
[   15.346352] sd 2:0:1:0: [sdb] Incomplete mode parameter data
[   15.385711] sd 2:0:1:0: [sdb] Assuming drive cache: write through
[   15.390146] sd 2:0:0:0: [sda] Incomplete mode parameter data
[   15.390147] sd 2:0:0:0: [sda] Assuming drive cache: write through
[   15.393538]  sda: sda1
[   15.394394] sd 2:0:0:0: [sda] Attached SCSI disk
[   15.509876] sd 2:0:1:0: [sdb] Attached SCSI disk
Begin: Loading e[   16.805714] md: linear personality registered for level -1
ssential drivers ... [   16.821630] md: multipath personality registered for level -4
[   16.831223] md: raid0 personality registered for level 0
[   16.842352] md: raid1 personality registered for level 1
[   16.915067] raid6: sse2x1   gen() 10018 MB/s
[   16.985822] raid6: sse2x1   xor()  8026 MB/s
[   17.085234] raid6: sse2x2   gen() 13033 MB/s
[   17.184621] raid6: sse2x2   xor()  9991 MB/s
[   17.273503] raid6: sse2x4   gen() 15307 MB/s
[   17.345104] raid6: sse2x4   xor() 10666 MB/s
[   17.425161] raid6: avx2x1   gen() 19894 MB/s
[   17.542619] raid6: avx2x2   gen() 24249 MB/s
[   17.613344] raid6: avx2x4   gen() 26937 MB/s
[   17.651919] raid6: using algorithm avx2x4 gen() 26937 MB/s
[   17.688343] raid6: using avx2x2 recovery algorithm
[   17.737631] xor: automatically using best checksumming function:
[   17.793170]    avx       : 28153.000 MB/sec
[   17.812209] async_tx: api initialized (async)
[   17.836445] md: raid6 personality registered for level 6
[   17.862371] md: raid5 personality registered for level 5
[   17.895568] md: raid4 personality registered for level 4
[   17.904532] md: raid10 personality registered for level 10
done.
Begin: Running /scripts/init-premount ... done.
Begin: Mounting root file system ... Begin: Running /scripts/local-top ... done.
Begin: Running /scripts/local-premount ... [   17.961529] Btrfs loaded
Scanning for Btrfs filesystems
done.
Warning: fsck not present, so skipping root file system
[   18.001929] EXT4-fs (sda1): mounted filesystem with ordered data mode. Opts: (null)
done.
Begin: Running /scripts/local-bottom ... done.
Begin: Running /scripts/init-bottom ... done.
[   18.121361] systemd[1]: systemd 229 running in system mode. (+PAM +AUDIT +SELINUX +IMA +APPARMOR +SMACK +SYSVINIT +UTMP +LIBCRYPTSETUP +GCRYPT +GNUTLS +ACL +XZ -LZ4 +SECCOMP +BLKID +ELFUTILS +KMOD -IDN)
[   18.128152] systemd[1]: Detected virtualization oracle.
[   18.144021] systemd[1]: Detected architecture x86-64.

Welcome to [1mUbuntu 16.04.6 LTS[0m!

[   18.171148] systemd[1]: Set hostname to <ubuntu-xenial>.
[   18.309480] systemd[1]: Listening on /dev/initctl Compatibility Named Pipe.
[[0;32m  OK  [0m] Listening on /dev/initctl Compatibility Named Pipe.
[   18.314449] systemd[1]: Listening on Journal Socket (/dev/log).
[[0;32m  OK  [0m] Listening on Journal Socket (/dev/log).
[   18.357443] systemd[1]: Listening on LVM2 metadata daemon socket.
[[0;32m  OK  [0m] Listening on LVM2 metadata daemon socket.
[   18.438002] systemd[1]: Set up automount Arbitrary Executable File Formats File System Automount Point.
[[0;32m  OK  [0m] Set up automount Arbitrary Executab...ats File System Automount Point.
[   18.546535] systemd[1]: Reached target System Time Synchronized.
[[0;32m  OK  [0m] Reached target System Time Synchronized.
[   18.567948] systemd[1]: Reached target User and Group Name Lookups.
[[0;32m  OK  [0m] Reached target User and Group Name Lookups.
[   18.571261] systemd[1]: Listening on Journal Audit Socket.
[[0;32m  OK  [0m] Listening on Journal Audit Socket.
[   18.574377] systemd[1]: Created slice User and Session Slice.
[[0;32m  OK  [0m] Created slice User and Session Slice.
[   18.578646] systemd[1]: Started Forward Password Requests to Wall Directory Watch.
[[0;32m  OK  [0m] Started Forward Password Requests to Wall Directory Watch.
[   18.601657] systemd[1]: Started Trigger resolvconf update for networkd DNS.
[[0;32m  OK  [0m] Started Trigger resolvconf update for networkd DNS.
[   18.693410] systemd[1]: Listening on udev Kernel Socket.
[[0;32m  OK  [0m] Listening on udev Kernel Socket.
[   18.755983] systemd[1]: Listening on Journal Socket.
[[0;32m  OK  [0m] Listening on Journal Socket.
[   18.759989] systemd[1]: Listening on Syslog Socket.
[[0;32m  OK  [0m] Listening on Syslog Socket.
[   18.801866] systemd[1]: Listening on Device-mapper event daemon FIFOs.
[[0;32m  OK  [0m] Listening on Device-mapper event daemon FIFOs.
[   18.881493] systemd[1]: Reached target Encrypted Volumes.
[[0;32m  OK  [0m] Reached target Encrypted Volumes.
[   18.941902] systemd[1]: Created slice System Slice.
[[0;32m  OK  [0m] Created slice System Slice.
[   19.017917] systemd[1]: Starting Load Kernel Modules...
[   19.026197] Loading iSCSI transport class v2.0-870.
         Starting Load Kernel Mo[   19.264471] iscsi: registered transport (tcp)
dules...
[   19.307992] iscsi: registered transport (iser)
[   19.309233] systemd[1]: Mounting Debug File System...
         Mounting Debug File System...
[   19.382004] systemd[1]: Mounting POSIX Message Queue File System...
         Mounting POSIX Message Queue File System...
[   19.429103] systemd[1]: Starting Set console keymap...
         Starting Set console keymap...
[   19.486157] systemd[1]: Starting Journal Service...
         Starting Journal Service...
[   19.505825] systemd[1]: Created slice system-serial\x2dgetty.slice.
[[0;32m  OK  [0m] Created slice system-serial\x2dgetty.slice.
[   19.581218] systemd[1]: Mounting Huge Pages File System...
         Mounting Huge Pages File System...
[   19.609364] systemd[1]: Reached target Slices.
[[0;32m  OK  [0m] Reached target Slices.
[   19.633722] systemd[1]: Starting Uncomplicated firewall...
         Starting Uncomplicated firewall...
[   19.705381] systemd[1]: Starting Create list of required static device nodes for the current kernel...
         Starting Create list of required st... nodes for the current kernel...
[   19.791437] systemd[1]: Starting Remount Root and Kernel File Systems...
[   19.793884] random: nonblocking pool is initialized
[   19.796150] EXT4-fs (sda1): re-mounted. Opts: (null)
         Starting Remount Root and Kernel File Systems...
[   19.985552] systemd[1]: Starting Nameserver information manager...
         Starting Nameserver information manager...
[   20.029994] systemd[1]: Listening on LVM2 poll daemon socket.
[[0;32m  OK  [0m] Listening on LVM2 poll daemon socket.
[   20.077533] systemd[1]: Listening on udev Control Socket.
[[0;32m  OK  [0m] Listening on udev Control Socket.
[   20.109592] systemd[1]: Reached target Swap.
[[0;32m  OK  [0m] Reached target Swap.
[   20.153283] systemd[1]: Starting Monitoring of LVM2 mirrors, snapshots etc. using dmeventd or progress polling...
         Starting Monitoring of LVM2 mirrors... dmeventd or progress polling...
[   20.168141] systemd[1]: Mounted POSIX Message Queue File System.
[[0;32m  OK  [0m] Mounted POSIX Message Queue File System.
[   20.172589] systemd[1]: Mounted Debug File System.
[[0;32m  OK  [0m] Mounted Debug File System.
[   20.175294] systemd[1]: Mounted Huge Pages File System.
[[0;32m  OK  [0m] Mounted Huge Pages File System.
[   20.201667] systemd[1]: Started Journal Service.
[[0;32m  OK  [0m] Started Journal Service.
[[0;32m  OK  [0m] Started Load Kernel Modules.
[[0;32m  OK  [0m] Started Set console keymap.
[[0;32m  OK  [0m] Started Uncomplicated firewall.
[[0;32m  OK  [0m] Started Create list of required sta...ce nodes for the current kernel.
[[0;32m  OK  [0m] Started Remount Root and Kernel File Systems.
[[0;32m  OK  [0m] Started Nameserver information manager.
[[0;32m  OK  [0m] Started LVM2 metadata daemon.
         Starting udev Coldplug all Devices...
         Starting Load/Save Random Seed...
         Starting Create Static Device Nodes in /dev...
         Starting Apply Kernel Variables...
         Mounting FUSE Control File System...
         Starting Flush Journal to Persistent Storage...
[[0;32m  OK  [0m] Mounted FUSE Control File System.
[[0;32m  OK  [0m] Started Load/Save Random Seed.
[[0;32m  OK  [0m] Started Create Static Device Nodes in /dev.
[[0;32m  OK  [0m] Started Apply Kernel Variables.
[[0;32m  OK  [0m] Started udev Coldplug all Devices.
         Starting udev Kernel Device Manager...
[[0;32m  OK  [0m] Started Monitoring of LVM2 mirrors,...ng dmeventd or progress polling.
[[0;32m  OK  [0m] Started Flush Journal to Persistent Storage.
[[0;32m  OK  [0m] Reached target Local File Systems (Pre).
[[0;32m  OK  [0m] Reached target Local File Systems.
         Starting Set console font and keymap...
         Starting Initial cloud-init job (pre-networking)...
         Starting Tell Plymouth To Write Out Runtime Data...
         Starting LSB: AppArmor initialization...
         Starting Create Volatile Files and Directories...
[[0;32m  OK  [0m] Started udev Kernel Device Manager.
[[0;32m  OK  [0m] Started Tell Plymouth To Write Out Runtime Data.
[[0;32m  OK  [0m] Started Create Volatile Files and Directories.
[[0;32m  OK  [0m] Found device /dev/ttyS0.
[[0;32m  OK  [0m] Listening on Load/Save RF Kill Switch Status /dev/rfkill Watch.
         Starting Update UTMP about System Boot/Shutdown...
[   15.064862] [cloud-init[0;32m  OK  [0m[485]: ] Cloud-init v. 18.5-45-g3554ffe8-0ubuntu1~16.04.1 running 'init-local' at Wed, 29 May 2019 19:22:42 +0000. Up 14.76 seconds.Started Dispatch Password Requests to Console Directory Watch.

[[0;32m  OK  [0m] Started Set console font and keymap.
[[0;32m  OK  [0m] Started LSB: AppArmor initialization.
[[0;32m  OK  [0m] Started Initial cloud-init job (pre-networking).
[[0;32m  OK  [0m] Found device 82540EM Gigabit Ethern...r (PRO/1000 MT Desktop Adapter).
[[0;32m  OK  [0m] Reached target Network (Pre).
         Starting Raise network interfaces...
[[0;32m  OK  [0m] Started ifup for enp0s3.
[[0;32m  OK  [0m] Created slice system-getty.slice.
[[0;32m  OK  [0m] Started Update UTMP about System Boot/Shutdown.
[[0;32m  OK  [0m] Started Raise network interfaces.
         Starting Initial cloud-init job (metadata service crawler)...
[[0;32m  OK  [0m] Reached target Network.
[   15.920495] cloud-init[962]: Cloud-init v. 18.5-45-g3554ffe8-0ubuntu1~16.04.1 running 'init' at Wed, 29 May 2019 19:22:42 +0000. Up 15.72 seconds.
[   15.957378] cloud-init[962]: ci-info: ++++++++++++++++++++++++++++++++++++++Net device info++++++++++++++++++++++++++++++++++++++
[   15.985391] cloud-init[962]: ci-info: +--------+------+----------------------------+---------------+--------+-------------------+
[[0;32m  OK  [0m] Started Initial cloud-init job (metadata service crawler).
[   16.010841] cloud-init[[0;32m  OK  [0m] Reached target System Initialization.
[[0;32m  OK  [0m] Started Daily Cleanup of Temporary Directories.
[962]: ci-info: | Device |  Up  |          Address           |      Mask     | Scope  |     Hw-Address    |
[   16.038690]          Starting LXD - unix socket.
cloud-init[[0;32m  OK  [0m] Started Daily apt download activities.
[[0;32m  OK  [0m] Started Daily apt upgrade and clean activities.
[962]: ci-info: +--------+------+----------------------------+---------------+--------+-------------------+
[   16.062433] [[0;32m  OK  [0m] Reached target Timers.
cloud-init[962]: [[0;32m  OK  [0m] Started ACPI Events Check.
[[0;32m  OK  [0m] Reached target Paths.
ci-info: | enp0s3 | True |         10.0.2.15          | 255.255.255.0 | global | 02:3a:f4:24:e2:72 |
[[0;32m  OK  [0m] Listening on UUID daemon activation socket.
[   16.067665] [[0;32m  OK  [0m] Listening on ACPID Listen Socket.
         Starting Docker Socket for the API.
cloud-init[962]: ci-info: | enp0s3 | True | fe80::3a:f4ff:fe24:e272/64 |       .       |  link  | 02:3a:f4:24:e2:72 |
[   16.084251] [[0;32m  OK  [0m] Listening on D-Bus System Message Bus Socket.
         Starting Socket activation for snappy daemon.cloud-init
[962]: ci-info: |   lo   | True |         127.0.0.1          |   255.0.0.0   |  host  |         .         |
[   16.090199] cloud-init[962]: ci-info: |   lo   | True |          ::1/128           |       .       |  host  |         .         |
[   16.096791] cloud-init[962]: ci-info: +--------+------+----------------------------+---------------+--------+-------------------+
[   16.133222] cloud-init[962]: ci-info: +++++++++++++++++++++++++++Route IPv4 info++++++++++++++++++++++++++++
[   16.162119] cloud-init[962]: ci-info: +-------+-------------+----------+---------------+-----------+-------+
[   16.188946] cloud-init[962]: ci-info: | Route | Destination | Gateway  |    Genmask    | Interface | Flags |
[[0;32m  OK  [0m] Reached target Network is Online.
[   16.222031] cloud-init[962]: ci-info: +-------+-------------+----------+---------------+-----------+-------+
[   16.259243] cloud-init[962]: ci-info: |   0   |   0.0.0.0   | 10.0.2.2 |    0.0.0.0    |   enp0s3  |   UG  |
[   16.280568] cloud-init[962]: ci-info: |   1   |   10.0.2.0  | 0.0.0.0  | 255.255.255.0 |   enp0s3  |   U   |
         Starting iSCSI initiator daemon (iscsid)...
[[0;32m  OK  [0m] Reached target Cloud-config availability.
[[0;32m  OK  [0m] Listening on LXD - unix socket.
[   16.314385] cloud-init[962]: ci-info: +-------+-------------+----------+---------------+-----------+-------+
[   16.418406] cloud-init[962]: ci-info: +++++++++++++++++++Route IPv6 info+++++++++++++++++++
[[0;32m  OK  [0m] Listening on Docker Socket for the API.
[[   16.442000] cloud-init[962]: ci-info: +-------+-------------+---------+-----------+-------+
[   16.452148] cloud-init[962]: ci-info: | Route | Destination | Gateway | Interface | Flags |
[   16.452752] cloud-init[962]: ci-info: +-------+-------------+---------+-----------+-------+
[   16.452797] cloud-init[962]: ci-info: |   0   |  fe80::/64  |    ::   |   enp0s3  |   U   |
[   16.452832] cloud-init[962]: ci-info: |   3   |   ff00::/8  |    ::   |   enp0s3  |   U   |
[   16.452866] cloud-init[962]: ci-info: +-------+-------------+---------+-----------+-------+
[0;32m  OK  [0m] Listening on Socket activation for snappy daemon.
[[0;32m  OK  [0m] Reached target Sockets.
[[0;32m  OK  [0m] Reached target Basic System.
         Starting LSB: MD monitoring daemon...
         Starting LSB: Record successful boot for GRUB...
         Starting Virtualbox guest utils...
         Starting Accounts Service...
[[0;32m  OK  [0m] Started Regular background program processing daemon.
         Starting Snappy daemon...
         Starting /etc/rc.local Compatibility...
[[0;32m  OK  [0m] Started Deferred execution scheduler.
         Starting containerd container runtime...
[[0;32m  OK  [0m] Started FUSE filesystem for LXC.
         Starting System Logging Service...
         Starting OpenBSD Secure Shell server...
[[0;32m  OK  [0m] Started Unattended Upgrades Shutdown.
[[0;32m  OK  [0m] Started ACPI event daemon.
         Starting Login Service...
[[0;32m  OK  [0m] Started D-Bus System Message Bus.
         Starting LXD - container startup/shutdown...
[[0;32m  OK  [0m] Started System Logging Service.
[[0;32m  OK  [0m] Started iSCSI initiator daemon (iscsid).
[[0;32m  OK  [0m] Started /etc/rc.local Compatibility.
[[0;32m  OK  [0m] Started containerd container runtime.
[[0;32m  OK  [0m] Started OpenBSD Secure Shell server.
[[0;32m  OK  [0m] Started LSB: MD monitoring daemon.
[[0;32m  OK  [0m] Started LSB: Record successful boot for GRUB.
[[0;32m  OK  [0m] Started LXD - container startup/shutdown.
[[0;32m  OK  [0m] Started Snappy daemon.
[[0;32m  OK  [0m] Started Login Service.
         Starting Authenticate and Authorize Users to Run Privileged Tasks...
         Starting Wait until snapd is fully seeded...
         Starting Docker Application Container Engine...
         Starting Login to default iSCSI targets...
[[0;32m  OK  [0m] Started Virtualbox guest utils.
[[0;32m  OK  [0m] Started Wait until snapd is fully seeded.
[[0;32m  OK  [0m] Started Login to default iSCSI targets.
[[0;32m  OK  [0m] Reached target Remote File Systems (Pre).
[[0;32m  OK  [0m] Reached target Remote File Systems.
         Starting LSB: daemon to balance interrupts for SMP systems...
         Starting LSB: automatic crash report generation...
         Starting LSB: Set up cgroupfs mounts....
         Starting LSB: Set the CPU Frequency Scaling governor to "ondemand"...
         Starting Permit User Sessions...
         Starting Apply the settings specified in cloud-config...
[[0;32m  OK  [0m] Started LSB: Set up cgroupfs mounts..
[[0;32m  OK  [0m] Started Permit User Sessions.
[[0;32m  OK  [0m] Started Authenticate and Authorize Users to Run Privileged Tasks.
[[0;32m  OK  [0m] Started Accounts Service.
         Starting Terminate Plymouth Boot Screen...
         Starting Hold until boot process finishes up...
[[0;32m  OK  [0m] Started LSB: daemon to balance interrupts for SMP systems.
[[0;32m  OK  [0m] Started LSB: automatic crash report generation.
[[0;32m  OK  [0m] Started LSB: Set the CPU Frequency Scaling governor to "ondemand".
[[0;32m  OK  [0m] Started Terminate Plymouth Boot Screen.
[[0;32m  OK  [0m] Started Hold until boot process finishes up.
[[0;32m  OK  [0m] Started Getty on tty1.
[[0;32m  OK  [0m] Started Serial Getty on ttyS0.
[[0;32m  OK  [0m] Reached target Login Prompts.
         Starting Set console scheme...
[[0;32m  OK  [0m] Started Set console scheme.
[   17.775152] cloud-init[1193]: Cloud-init v. 18.5-45-g3554ffe8-0ubuntu1~16.04.1 running 'modules:config' at Wed, 29 May 2019 19:22:44 +0000. Up 17.70 seconds.
[[0;32m  OK  [0m] Started Apply the settings specified in cloud-config.
[[0;32m  OK  [0m] Started Docker Application Container Engine.
[[0;32m  OK  [0m] Reached target Multi-User System.
         Starting Execute cloud user/final scripts...
[[0;32m  OK  [0m] Reached target Graphical Interface.
         Starting Update UTMP about System Runlevel Changes...
[[0;32m  OK  [0m] Started Update UTMP about System Runlevel Changes.
[   18.503265] cloud-init[1412]: Cloud-init v. 18.5-45-g3554ffe8-0ubuntu1~16.04.1 running 'modules:final' at Wed, 29 May 2019 19:22:45 +0000. Up 18.42 seconds.
[   18.544731] cloud-init[1412]: Cloud-init v. 18.5-45-g3554ffe8-0ubuntu1~16.04.1 finished at Wed, 29 May 2019 19:22:45 +0000. Datasource DataSourceNoCloud [seed=/dev/sdb][dsmode=net].  Up 18.49 seconds
[[0;32m  OK  [0m] Started Execute cloud user/final scripts.
[[0;32m  OK  [0m] Reached target Cloud-init target.
         Starting Daily apt download activities...
[[0;32m  OK  [0m] Created slice User Slice of vagrant.
         Starting User Manager for UID 1000...
[[0;32m  OK  [0m] Started User Manager for UID 1000.
[[0;32m  OK  [0m] Started Session 1 of user vagrant.

Ubuntu 16.04.6 LTS ubuntu-xenial ttyS0

ubuntu-xenial login: [[0;32m  OK  [0m] Closed Load/Save RF Kill Swit         Stopping LXD - container startup/shutdown...
         Stopping LSB: MD monitoring daemon...
         Stopping Unattended Upgrades Shutdown...
         Stopping Virtualbox guest utils...
         Stopping LSB: Set up cgroupfs mounts....
         Stopping Docker Application Container Engine...
         Stopping LSB: automatic crash report generation...
         Stopping Regular background program processing daemon...
         Stopping D-Bus System Message Bus...
[[0;32m  OK  [0m] Stopped Apply the settings specified in cloud-config.
[[0;32m  OK  [0m] Stopped Wait until snapd is fully seeded.
[[0;32m  OK  [0m] Stopped target Cloud-config availability.
         Stopping FUSE filesystem for LXC...
         Stopping Authenticate and Authorize Users to Run Privileged Tasks...
         Stopping Accounts Service...
         Stopping LSB: Record successful boot for GRUB...
[[0;32m  OK  [0m] Unmounted /var/lib/lxcfs.
[[0;32m  OK  [0m] Stopped Accounts Service.
[[0;32m  OK  [0m] Stopped Regular background program processing daemon.
[[0;32m  OK  [0m] Stopped Deferred execution scheduler.
[[0;32m  OK  [0m] Stopped System Logging Service.
[[0;32m  OK  [0m] Stopped ACPI event daemon.
[[0;32m  OK  [0m] Stopped OpenBSD Secure Shell server.
[[0;32m  OK  [0m] Stopped Authenticate and Authorize Users to Run Privileged Tasks.
[[0;32m  OK  [0m] Stopped Getty on tty1.
[[0;32m  OK  [0m] Stopped Serial Getty on ttyS0.
[[0;32m  OK  [0m] Stopped User Manager for UID 1000.
[[0;32m  OK  [0m] Stopped Session 7 of user vagrant.
[[0;32m  OK  [0m] Stopped Unattended Upgrades Shutdown.
[[0;32m  OK  [0m] Stopped LSB: Set up cgroupfs mounts..
[[0;32m  OK  [0m] Stopped D-Bus System Message Bus.
[[0;32m  OK  [0m] Stopped FUSE filesystem for LXC.
[[0;32m  OK  [0m] Stopped LXD - container startup/shutdown.
[[0;32m  OK  [0m] Stopped LSB: MD monitoring daemon.
[[0;32m  OK  [0m] Stopped LSB: daemon to balance interrupts for SMP systems.
[[0;32m  OK  [0m] Stopped Virtualbox guest utils.
[[0;32m  OK  [0m] Stopped LSB: Set the CPU Frequency Scaling governor to "ondemand".
[[0;32m  OK  [0m] Stopped LSB: automatic crash report generation.
[[0;32m  OK  [0m] Stopped LSB: Record successful boot for GRUB.
[[0;32m  OK  [0m] Removed slice User Slice of vagrant.
         Stopping Login Service...
[[0;32m  OK  [0m] Removed slice system-serial\x2dgetty.slice.
         Stopping Permit User Sessions...
[[0;32m  OK  [0m] Stopped /etc/rc.local Compatibility.
[[0;32m  OK  [0m] Removed slice system-getty.slice.
[[0;32m  OK  [0m] Stopped Login Service.
[[0;32m  OK  [0m] Stopped Permit User Sessions.
[[0;32m  OK  [0m] Stopped target Remote File Systems.
[[0;32m  OK  [0m] Stopped target Remote File Systems (Pre).
         Stopping Login to default iSCSI targets...
[[0;32m  OK  [0m] Stopped target User and Group Name Lookups.
[[0;32m  OK  [0m] Stopped Login to default iSCSI targets.
         Stopping iSCSI initiator daemon (iscsid)...
[[0;32m  OK  [0m] Stopped iSCSI initiator daemon (iscsid).
[[0;32m  OK  [0m] Unmounted /run/docker/netns/2723187141d1.
[[0;32m  OK  [0m] Unmounted /var/lib/docker/container...774943c50ade41fc3eef/mounts/shm.
[[0;32m  OK  [0m] Unmounted /var/lib/docker/overlay2/...b9c33b913d6b2cba29218931/merged.
[[0;32m  OK  [0m] Unmounted /run/docker/netns/fdb4f671bb8e.
[[0;32m  OK  [0m] Unmounted /var/lib/docker/container...bf989265b83d67ea1b2d/mounts/shm.
[[0;32m  OK  [0m] Unmounted /var/lib/docker/overlay2/...5c03e0fe014a2ed63dd739f7/merged.
[[0;32m  OK  [0m] Stopped Docker Application Container Engine.
[[0;32m  OK  [0m] Stopped target Network is Online.
         Stopping containerd container runtime...
[[0;32m  OK  [0m] Stopped containerd container runtime.
[[0;32m  OK  [0m] Stopped target Basic System.
[[0;32m  OK  [0m] Stopped target Slices.
[[0;32m  OK  [0m] Removed slice User and Session Slice.
[[0;32m  OK  [0m] Stopped target Paths.
[[0;32m  OK  [0m] Stopped ACPI Events Check.
[[0;32m  OK  [0m] Stopped Dispatch Password Requests to Console Directory Watch.
[[0;32m  OK  [0m] Stopped Forward Password Requests to Wall Directory Watch.
[[0;32m  OK  [0m] Stopped target Sockets.
[[0;32m  OK  [0m] Closed UUID daemon activation socket.
[[0;32m  OK  [0m] Closed D-Bus System Message Bus Socket.
[[0;32m  OK  [0m] Closed Syslog Socket.
[[0;32m  OK  [0m] Closed Docker Socket for the API.
[[0;32m  OK  [0m] Closed ACPID Listen Socket.
[[0;32m  OK  [0m] Closed Socket activation for snappy daemon.
[[0;32m  OK  [0m] Closed LXD - unix socket.
[[0;32m  OK  [0m] Stopped target Network.
[[0;32m  OK  [0m] Stopped target System Initialization.
[[0;32m  OK  [0m] Stopped Initial cloud-init job (metadata service crawler).
         Stopping Raise network interfaces...
         Stopping Update UTMP about System Boot/Shutdown...
         Stopping Load/Save Random Seed...
[[0;32m  OK  [0m] Stopped target Encrypted Volumes.
[[0;32m  OK  [0m] Stopped target Swap.
[[0;32m  OK  [0m] Stopped Load/Save Random Seed.
[[0;32m  OK  [0m] Stopped Update UTMP about System Boot/Shutdown.
[[0;32m  OK  [0m] Stopped Create Volatile Files and Directories.
[[0;32m  OK  [0m] Stopped Raise network interfaces.
[[0;32m  OK  [0m] Stopped target Local File Systems.
         Unmounting /vagrant...
         Unmounting /run/user/1000...
[[0;32m  OK  [0m] Stopped Apply Kernel Variables.
[[0;32m  OK  [0m] Stopped Load Kernel Modules.
[[0;32m  OK  [0m] Stopped target Network (Pre).
[[0;32m  OK  [0m] Stopped Initial cloud-init job (pre-networking).
[[0;32m  OK  [0m] Unmounted /vagrant.
[[0;32m  OK  [0m] Unmounted /run/user/1000.
[[0;32m  OK  [0m] Reached target Unmount All Filesystems.
[[0;32m  OK  [0m] Stopped target Local File Systems (Pre).
[[0;32m  OK  [0m] Stopped Remount Root and Kernel File Systems.
         Stopping Monitoring of LVM2 mirrors... dmeventd or progress polling...
[[0;32m  OK  [0m] Stopped Create Static Device Nodes in /dev.
[[0;32m  OK  [0m] Reached target Shutdown.
[12190.687889] reboot: Power down
